<?xml version="1.0" encoding="UTF-8"?>
<coverage generated="1773366621">
    <project timestamp="1773366621">
        <file name="/Users/r2-d2/projects/pet_projects/telegram-bot-core/src/Action/ActionInterface.php">
            <metrics loc="18" ncloc="13" classes="0" methods="0" coveredmethods="0" conditionals="0"
                     coveredconditionals="0" statements="0" coveredstatements="0" elements="0" coveredelements="0"/>
        </file>
        <file name="/Users/r2-d2/projects/pet_projects/telegram-bot-core/src/Action/ActionManager.php">
            <class name="Bot\Action\ActionManager" namespace="global">
                <metrics complexity="9" methods="4" coveredmethods="3" conditionals="0" coveredconditionals="0"
                         statements="26" coveredstatements="25" elements="30" coveredelements="28"/>
            </class>
            <line num="28" type="method" name="__construct" visibility="public" complexity="1" crap="1" count="8"/>
            <line num="33" type="stmt" count="8"/>
            <line num="40" type="method" name="register" visibility="public" complexity="3" crap="3.01" count="4"/>
            <line num="42" type="stmt" count="4"/>
            <line num="43" type="stmt" count="4"/>
            <line num="45" type="stmt" count="4"/>
            <line num="46" type="stmt" count="1"/>
            <line num="49" type="stmt" count="3"/>
            <line num="50" type="stmt" count="0"/>
            <line num="53" type="stmt" count="3"/>
            <line num="54" type="stmt" count="3"/>
            <line num="56" type="stmt" count="3"/>
            <line num="64" type="method" name="resolve" visibility="public" complexity="3" crap="3" count="4"/>
            <line num="66" type="stmt" count="4"/>
            <line num="68" type="stmt" count="4"/>
            <line num="69" type="stmt" count="1"/>
            <line num="71" type="stmt" count="4"/>
            <line num="73" type="stmt" count="4"/>
            <line num="74" type="stmt" count="2"/>
            <line num="77" type="stmt" count="2"/>
            <line num="85" type="method" name="handle" visibility="public" complexity="2" crap="2" count="2"/>
            <line num="87" type="stmt" count="2"/>
            <line num="88" type="stmt" count="2"/>
            <line num="89" type="stmt" count="1"/>
            <line num="90" type="stmt" count="1"/>
            <line num="91" type="stmt" count="1"/>
            <line num="93" type="stmt" count="1"/>
            <line num="95" type="stmt" count="1"/>
            <line num="97" type="stmt" count="1"/>
            <line num="100" type="stmt" count="1"/>
            <metrics loc="103" ncloc="80" classes="1" methods="4" coveredmethods="3" conditionals="0"
                     coveredconditionals="0" statements="26" coveredstatements="25" elements="30" coveredelements="28"/>
        </file>
        <file name="/Users/r2-d2/projects/pet_projects/telegram-bot-core/src/Action/ActionManagerInterface.php">
            <metrics loc="29" ncloc="17" classes="0" methods="0" coveredmethods="0" conditionals="0"
                     coveredconditionals="0" statements="0" coveredstatements="0" elements="0" coveredelements="0"/>
        </file>
        <file name="/Users/r2-d2/projects/pet_projects/telegram-bot-core/src/Attribute/Action.php">
            <class name="Bot\Attribute\Action" namespace="global">
                <metrics complexity="1" methods="1" coveredmethods="1" conditionals="0" coveredconditionals="0"
                         statements="1" coveredstatements="1" elements="2" coveredelements="2"/>
            </class>
            <line num="16" type="method" name="__construct" visibility="public" complexity="1" crap="1" count="3"/>
            <line num="18" type="stmt" count="3"/>
            <metrics loc="20" ncloc="16" classes="1" methods="1" coveredmethods="1" conditionals="0"
                     coveredconditionals="0" statements="1" coveredstatements="1" elements="2" coveredelements="2"/>
        </file>
        <file name="/Users/r2-d2/projects/pet_projects/telegram-bot-core/src/Attribute/Command.php">
            <class name="Bot\Attribute\Command" namespace="global">
                <metrics complexity="1" methods="1" coveredmethods="1" conditionals="0" coveredconditionals="0"
                         statements="1" coveredstatements="1" elements="2" coveredelements="2"/>
            </class>
            <line num="16" type="method" name="__construct" visibility="public" complexity="1" crap="1" count="4"/>
            <line num="18" type="stmt" count="4"/>
            <metrics loc="20" ncloc="16" classes="1" methods="1" coveredmethods="1" conditionals="0"
                     coveredconditionals="0" statements="1" coveredstatements="1" elements="2" coveredelements="2"/>
        </file>
        <file name="/Users/r2-d2/projects/pet_projects/telegram-bot-core/src/Attribute/Listener.php">
            <class name="Bot\Attribute\Listener" namespace="global">
                <metrics complexity="1" methods="1" coveredmethods="1" conditionals="0" coveredconditionals="0"
                         statements="1" coveredstatements="1" elements="2" coveredelements="2"/>
            </class>
            <line num="15" type="method" name="__construct" visibility="public" complexity="1" crap="1" count="3"/>
            <line num="17" type="stmt" count="3"/>
            <metrics loc="19" ncloc="16" classes="1" methods="1" coveredmethods="1" conditionals="0"
                     coveredconditionals="0" statements="1" coveredstatements="1" elements="2" coveredelements="2"/>
        </file>
        <file name="/Users/r2-d2/projects/pet_projects/telegram-bot-core/src/Bot.php">
            <class name="Bot\Bot" namespace="global">
                <metrics complexity="18" methods="17" coveredmethods="16" conditionals="0" coveredconditionals="0"
                         statements="45" coveredstatements="41" elements="62" coveredelements="57"/>
            </class>
            <line num="31" type="method" name="__construct" visibility="protected" complexity="1" crap="1" count="5"/>
            <line num="33" type="stmt" count="5"/>
            <line num="34" type="stmt" count="5"/>
            <line num="36" type="stmt" count="5"/>
            <line num="45" type="method" name="create" visibility="public" complexity="1" crap="1" count="5"/>
            <line num="47" type="stmt" count="5"/>
            <line num="53" type="method" name="getContainer" visibility="public" complexity="1" crap="1" count="5"/>
            <line num="55" type="stmt" count="5"/>
            <line num="63" type="method" name="getActionManager" visibility="public" complexity="1" crap="1" count="2"/>
            <line num="65" type="stmt" count="2"/>
            <line num="73" type="method" name="getCommandManager" visibility="public" complexity="1" crap="1"
                  count="2"/>
            <line num="75" type="stmt" count="2"/>
            <line num="83" type="method" name="getRouter" visibility="public" complexity="1" crap="1" count="2"/>
            <line num="85" type="stmt" count="2"/>
            <line num="93" type="method" name="getEventManager" visibility="public" complexity="1" crap="1" count="3"/>
            <line num="95" type="stmt" count="3"/>
            <line num="103" type="method" name="getUpdateFactory" visibility="public" complexity="1" crap="1"
                  count="2"/>
            <line num="105" type="stmt" count="2"/>
            <line num="113" type="method" name="getMiddlewareManager" visibility="public" complexity="1" crap="1"
                  count="3"/>
            <line num="115" type="stmt" count="3"/>
            <line num="122" type="method" name="withServiceProvider" visibility="public" complexity="1" crap="1"
                  count="5"/>
            <line num="124" type="stmt" count="5"/>
            <line num="126" type="stmt" count="5"/>
            <line num="134" type="method" name="withMiddleware" visibility="public" complexity="1" crap="1" count="1"/>
            <line num="136" type="stmt" count="1"/>
            <line num="137" type="stmt" count="1"/>
            <line num="139" type="stmt" count="1"/>
            <line num="147" type="method" name="withCommand" visibility="public" complexity="1" crap="1" count="1"/>
            <line num="149" type="stmt" count="1"/>
            <line num="150" type="stmt" count="1"/>
            <line num="152" type="stmt" count="1"/>
            <line num="160" type="method" name="withAction" visibility="public" complexity="1" crap="1" count="1"/>
            <line num="162" type="stmt" count="1"/>
            <line num="163" type="stmt" count="1"/>
            <line num="165" type="stmt" count="1"/>
            <line num="173" type="method" name="withListener" visibility="public" complexity="1" crap="1" count="1"/>
            <line num="175" type="stmt" count="1"/>
            <line num="176" type="stmt" count="1"/>
            <line num="178" type="stmt" count="1"/>
            <line num="188" type="method" name="run" visibility="public" complexity="1" crap="1" count="1"/>
            <line num="190" type="stmt" count="1"/>
            <line num="191" type="stmt" count="1"/>
            <line num="192" type="stmt" count="1"/>
            <line num="193" type="stmt" count="1"/>
            <line num="195" type="stmt" count="1"/>
            <line num="196" type="stmt" count="1"/>
            <line num="203" type="method" name="runFromWebhook" visibility="public" complexity="2" crap="2.19"
                  count="1"/>
            <line num="205" type="stmt" count="1"/>
            <line num="208" type="stmt" count="1"/>
            <line num="209" type="stmt" count="1"/>
            <line num="210" type="stmt" count="1"/>
            <line num="211" type="stmt" count="1"/>
            <line num="212" type="stmt" count="1"/>
            <line num="214" type="stmt" count="1"/>
            <line num="215" type="stmt" count="0"/>
            <line num="216" type="stmt" count="0"/>
            <line num="217" type="stmt" count="0"/>
            <line num="218" type="stmt" count="0"/>
            <line num="227" type="method" name="registerWebhook" visibility="public" complexity="1" crap="1" count="1"/>
            <line num="229" type="stmt" count="1"/>
            <line num="231" type="stmt" count="1"/>
            <metrics loc="234" ncloc="152" classes="1" methods="17" coveredmethods="16" conditionals="0"
                     coveredconditionals="0" statements="45" coveredstatements="41" elements="62" coveredelements="57"/>
        </file>
        <file name="/Users/r2-d2/projects/pet_projects/telegram-bot-core/src/Command/CommandInterface.php">
            <metrics loc="17" ncloc="13" classes="0" methods="0" coveredmethods="0" conditionals="0"
                     coveredconditionals="0" statements="0" coveredstatements="0" elements="0" coveredelements="0"/>
        </file>
        <file name="/Users/r2-d2/projects/pet_projects/telegram-bot-core/src/Command/CommandManager.php">
            <class name="Bot\Command\CommandManager" namespace="global">
                <metrics complexity="13" methods="5" coveredmethods="3" conditionals="0" coveredconditionals="0"
                         statements="37" coveredstatements="35" elements="42" coveredelements="38"/>
            </class>
            <line num="28" type="method" name="__construct" visibility="public" complexity="1" crap="1" count="9"/>
            <line num="33" type="stmt" count="9"/>
            <line num="40" type="method" name="register" visibility="public" complexity="3" crap="3.01" count="5"/>
            <line num="42" type="stmt" count="5"/>
            <line num="43" type="stmt" count="5"/>
            <line num="45" type="stmt" count="5"/>
            <line num="46" type="stmt" count="1"/>
            <line num="49" type="stmt" count="4"/>
            <line num="50" type="stmt" count="0"/>
            <line num="53" type="stmt" count="4"/>
            <line num="54" type="stmt" count="4"/>
            <line num="56" type="stmt" count="4"/>
            <line num="65" type="method" name="resolve" visibility="public" complexity="4" crap="4.02" count="4"/>
            <line num="67" type="stmt" count="4"/>
            <line num="68" type="stmt" count="4"/>
            <line num="69" type="stmt" count="1"/>
            <line num="72" type="stmt" count="3"/>
            <line num="73" type="stmt" count="0"/>
            <line num="76" type="stmt" count="3"/>
            <line num="77" type="stmt" count="3"/>
            <line num="79" type="stmt" count="3"/>
            <line num="80" type="stmt" count="1"/>
            <line num="83" type="stmt" count="2"/>
            <line num="92" type="method" name="handle" visibility="public" complexity="2" crap="2" count="2"/>
            <line num="94" type="stmt" count="2"/>
            <line num="95" type="stmt" count="2"/>
            <line num="96" type="stmt" count="1"/>
            <line num="97" type="stmt" count="1"/>
            <line num="98" type="stmt" count="1"/>
            <line num="100" type="stmt" count="1"/>
            <line num="102" type="stmt" count="1"/>
            <line num="104" type="stmt" count="1"/>
            <line num="106" type="stmt" count="1"/>
            <line num="113" type="method" name="getCommands" visibility="public" complexity="3" crap="3" count="1"/>
            <line num="115" type="stmt" count="1"/>
            <line num="117" type="stmt" count="1"/>
            <line num="118" type="stmt" count="1"/>
            <line num="119" type="stmt" count="1"/>
            <line num="121" type="stmt" count="1"/>
            <line num="123" type="stmt" count="1"/>
            <line num="124" type="stmt" count="1"/>
            <line num="128" type="stmt" count="1"/>
            <metrics loc="131" ncloc="101" classes="1" methods="5" coveredmethods="3" conditionals="0"
                     coveredconditionals="0" statements="37" coveredstatements="35" elements="42" coveredelements="38"/>
        </file>
        <file name="/Users/r2-d2/projects/pet_projects/telegram-bot-core/src/Command/CommandManagerInterface.php">
            <metrics loc="37" ncloc="19" classes="0" methods="0" coveredmethods="0" conditionals="0"
                     coveredconditionals="0" statements="0" coveredstatements="0" elements="0" coveredelements="0"/>
        </file>
        <file name="/Users/r2-d2/projects/pet_projects/telegram-bot-core/src/Command/Commands/HelpCommand.php">
            <class name="Bot\Command\Commands\HelpCommand" namespace="global">
                <metrics complexity="5" methods="2" coveredmethods="1" conditionals="0" coveredconditionals="0"
                         statements="12" coveredstatements="8" elements="14" coveredelements="9"/>
            </class>
            <line num="20" type="method" name="__construct" visibility="public" complexity="1" crap="1" count="1"/>
            <line num="24" type="stmt" count="1"/>
            <line num="29" type="method" name="handle" visibility="public" complexity="4" crap="4.77" count="1"/>
            <line num="31" type="stmt" count="1"/>
            <line num="34" type="stmt" count="1"/>
            <line num="35" type="stmt" count="0"/>
            <line num="37" type="stmt" count="0"/>
            <line num="40" type="stmt" count="1"/>
            <line num="41" type="stmt" count="1"/>
            <line num="42" type="stmt" count="1"/>
            <line num="45" type="stmt" count="1"/>
            <line num="47" type="stmt" count="1"/>
            <line num="48" type="stmt" count="0"/>
            <line num="49" type="stmt" count="0"/>
            <metrics loc="53" ncloc="46" classes="1" methods="2" coveredmethods="1" conditionals="0"
                     coveredconditionals="0" statements="12" coveredstatements="8" elements="14" coveredelements="9"/>
        </file>
        <file name="/Users/r2-d2/projects/pet_projects/telegram-bot-core/src/Command/Commands/StartCommand.php">
            <class name="Bot\Command\Commands\StartCommand" namespace="global">
                <metrics complexity="3" methods="2" coveredmethods="1" conditionals="0" coveredconditionals="0"
                         statements="4" coveredstatements="2" elements="6" coveredelements="3"/>
            </class>
            <line num="18" type="method" name="__construct" visibility="public" complexity="1" crap="1" count="1"/>
            <line num="20" type="stmt" count="1"/>
            <line num="25" type="method" name="handle" visibility="public" complexity="2" crap="3.19" count="1"/>
            <line num="28" type="stmt" count="1"/>
            <line num="29" type="stmt" count="0"/>
            <line num="30" type="stmt" count="0"/>
            <metrics loc="34" ncloc="28" classes="1" methods="2" coveredmethods="1" conditionals="0"
                     coveredconditionals="0" statements="4" coveredstatements="2" elements="6" coveredelements="3"/>
        </file>
        <file name="/Users/r2-d2/projects/pet_projects/telegram-bot-core/src/Config/ConfigService.php">
            <class name="Bot\Config\ConfigService" namespace="global">
                <metrics complexity="1" methods="1" coveredmethods="1" conditionals="0" coveredconditionals="0"
                         statements="1" coveredstatements="1" elements="2" coveredelements="2"/>
            </class>
            <line num="16" type="method" name="__construct" visibility="public" complexity="1" crap="1" count="2"/>
            <line num="18" type="stmt" count="2"/>
            <metrics loc="21" ncloc="18" classes="1" methods="1" coveredmethods="1" conditionals="0"
                     coveredconditionals="0" statements="1" coveredstatements="1" elements="2" coveredelements="2"/>
        </file>
        <file name="/Users/r2-d2/projects/pet_projects/telegram-bot-core/src/Config/ConfigServiceInterface.php">
            <metrics loc="41" ncloc="19" classes="0" methods="0" coveredmethods="0" conditionals="0"
                     coveredconditionals="0" statements="0" coveredstatements="0" elements="0" coveredelements="0"/>
        </file>
        <file name="/Users/r2-d2/projects/pet_projects/telegram-bot-core/src/DTO/DTO.php">
            <class name="Bot\DTO\DTO" namespace="global">
                <metrics complexity="24" methods="7" coveredmethods="5" conditionals="0" coveredconditionals="0"
                         statements="48" coveredstatements="43" elements="55" coveredelements="48"/>
            </class>
            <line num="22" type="method" name="default" visibility="public" complexity="1" crap="1" count="5"/>
            <line num="24" type="stmt" count="5"/>
            <line num="33" type="method" name="fromArray" visibility="public" complexity="3" crap="3" count="37"/>
            <line num="35" type="stmt" count="37"/>
            <line num="36" type="stmt" count="37"/>
            <line num="37" type="stmt" count="29"/>
            <line num="39" type="stmt" count="37"/>
            <line num="40" type="stmt" count="3"/>
            <line num="43" type="stmt" count="37"/>
            <line num="49" type="method" name="toArray" visibility="public" complexity="5" crap="5.73" count="3"/>
            <line num="51" type="stmt" count="3"/>
            <line num="52" type="stmt" count="3"/>
            <line num="54" type="stmt" count="3"/>
            <line num="56" type="stmt" count="3"/>
            <line num="57" type="stmt" count="3"/>
            <line num="58" type="stmt" count="3"/>
            <line num="59" type="stmt" count="3"/>
            <line num="60" type="stmt" count="0"/>
            <line num="61" type="stmt" count="0"/>
            <line num="62" type="stmt" count="0"/>
            <line num="63" type="stmt" count="0"/>
            <line num="65" type="stmt" count="3"/>
            <line num="69" type="stmt" count="3"/>
            <line num="75" type="method" name="jsonSerialize" visibility="public" complexity="1" crap="1" count="2"/>
            <line num="77" type="stmt" count="2"/>
            <line num="85" type="method" name="get" visibility="public" complexity="1" crap="1" count="1"/>
            <line num="87" type="stmt" count="1"/>
            <line num="96" type="method" name="set" visibility="public" complexity="8" crap="8" count="29"/>
            <line num="98" type="stmt" count="29"/>
            <line num="99" type="stmt" count="6"/>
            <line num="101" type="stmt" count="6"/>
            <line num="104" type="stmt" count="28"/>
            <line num="105" type="stmt" count="28"/>
            <line num="107" type="stmt" count="28"/>
            <line num="108" type="stmt" count="22"/>
            <line num="110" type="stmt" count="22"/>
            <line num="111" type="stmt" count="22"/>
            <line num="115" type="stmt" count="28"/>
            <line num="116" type="stmt" count="28"/>
            <line num="117" type="stmt" count="28"/>
            <line num="118" type="stmt" count="28"/>
            <line num="119" type="stmt" count="28"/>
            <line num="120" type="stmt" count="28"/>
            <line num="121" type="stmt" count="28"/>
            <line num="122" type="stmt" count="28"/>
            <line num="123" type="stmt" count="28"/>
            <line num="124" type="stmt" count="28"/>
            <line num="127" type="stmt" count="28"/>
            <line num="129" type="stmt" count="28"/>
            <line num="135" type="method" name="validate" visibility="public" complexity="5" crap="5.20" count="6"/>
            <line num="137" type="stmt" count="6"/>
            <line num="138" type="stmt" count="6"/>
            <line num="139" type="stmt" count="0"/>
            <line num="141" type="stmt" count="6"/>
            <line num="142" type="stmt" count="5"/>
            <metrics loc="147" ncloc="114" classes="1" methods="7" coveredmethods="5" conditionals="0"
                     coveredconditionals="0" statements="48" coveredstatements="43" elements="55" coveredelements="48"/>
        </file>
        <file name="/Users/r2-d2/projects/pet_projects/telegram-bot-core/src/DTO/Message/CallbackQueryDTO.php">
            <class name="Bot\DTO\Message\CallbackQueryDTO" namespace="global">
                <metrics complexity="0" methods="0" coveredmethods="0" conditionals="0" coveredconditionals="0"
                         statements="0" coveredstatements="0" elements="0" coveredelements="0"/>
            </class>
            <metrics loc="27" ncloc="24" classes="0" methods="0" coveredmethods="0" conditionals="0"
                     coveredconditionals="0" statements="0" coveredstatements="0" elements="0" coveredelements="0"/>
        </file>
        <file name="/Users/r2-d2/projects/pet_projects/telegram-bot-core/src/DTO/Message/ChatDTO.php">
            <class name="Bot\DTO\Message\ChatDTO" namespace="global">
                <metrics complexity="0" methods="0" coveredmethods="0" conditionals="0" coveredconditionals="0"
                         statements="0" coveredstatements="0" elements="0" coveredelements="0"/>
            </class>
            <metrics loc="26" ncloc="23" classes="0" methods="0" coveredmethods="0" conditionals="0"
                     coveredconditionals="0" statements="0" coveredstatements="0" elements="0" coveredelements="0"/>
        </file>
        <file name="/Users/r2-d2/projects/pet_projects/telegram-bot-core/src/DTO/Message/ContactDTO.php">
            <class name="Bot\DTO\Message\ContactDTO" namespace="global">
                <metrics complexity="0" methods="0" coveredmethods="0" conditionals="0" coveredconditionals="0"
                         statements="0" coveredstatements="0" elements="0" coveredelements="0"/>
            </class>
            <metrics loc="23" ncloc="20" classes="0" methods="0" coveredmethods="0" conditionals="0"
                     coveredconditionals="0" statements="0" coveredstatements="0" elements="0" coveredelements="0"/>
        </file>
        <file name="/Users/r2-d2/projects/pet_projects/telegram-bot-core/src/DTO/Message/DocumentDTO.php">
            <class name="Bot\DTO\Message\DocumentDTO" namespace="global">
                <metrics complexity="0" methods="0" coveredmethods="0" conditionals="0" coveredconditionals="0"
                         statements="0" coveredstatements="0" elements="0" coveredelements="0"/>
            </class>
            <metrics loc="27" ncloc="24" classes="0" methods="0" coveredmethods="0" conditionals="0"
                     coveredconditionals="0" statements="0" coveredstatements="0" elements="0" coveredelements="0"/>
        </file>
        <file name="/Users/r2-d2/projects/pet_projects/telegram-bot-core/src/DTO/Message/ForwardOriginDTO.php">
            <class name="Bot\DTO\Message\ForwardOriginDTO" namespace="global">
                <metrics complexity="4" methods="3" coveredmethods="3" conditionals="0" coveredconditionals="0"
                         statements="14" coveredstatements="14" elements="17" coveredelements="17"/>
            </class>
            <line num="32" type="method" name="validate" visibility="public" complexity="2" crap="2" count="5"/>
            <line num="34" type="stmt" count="5"/>
            <line num="36" type="stmt" count="5"/>
            <line num="37" type="stmt" count="4"/>
            <line num="39" type="stmt" count="4"/>
            <line num="40" type="stmt" count="4"/>
            <line num="41" type="stmt" count="4"/>
            <line num="42" type="stmt" count="4"/>
            <line num="43" type="stmt" count="4"/>
            <line num="44" type="stmt" count="4"/>
            <line num="45" type="stmt" count="4"/>
            <line num="48" type="stmt" count="5"/>
            <line num="50" type="stmt" count="5"/>
            <line num="56" type="method" name="fromUser" visibility="public" complexity="1" crap="1" count="2"/>
            <line num="58" type="stmt" count="2"/>
            <line num="64" type="method" name="fromChannel" visibility="public" complexity="1" crap="1" count="2"/>
            <line num="66" type="stmt" count="2"/>
            <metrics loc="69" ncloc="56" classes="1" methods="3" coveredmethods="3" conditionals="0"
                     coveredconditionals="0" statements="14" coveredstatements="14" elements="17" coveredelements="17"/>
        </file>
        <file name="/Users/r2-d2/projects/pet_projects/telegram-bot-core/src/DTO/Message/LocationDTO.php">
            <class name="Bot\DTO\Message\LocationDTO" namespace="global">
                <metrics complexity="0" methods="0" coveredmethods="0" conditionals="0" coveredconditionals="0"
                         statements="0" coveredstatements="0" elements="0" coveredelements="0"/>
            </class>
            <metrics loc="26" ncloc="23" classes="0" methods="0" coveredmethods="0" conditionals="0"
                     coveredconditionals="0" statements="0" coveredstatements="0" elements="0" coveredelements="0"/>
        </file>
        <file name="/Users/r2-d2/projects/pet_projects/telegram-bot-core/src/DTO/Message/MessageDTO.php">
            <class name="Bot\DTO\Message\MessageDTO" namespace="global">
                <metrics complexity="7" methods="3" coveredmethods="3" conditionals="0" coveredconditionals="0"
                         statements="12" coveredstatements="12" elements="15" coveredelements="15"/>
            </class>
            <line num="45" type="method" name="fromArray" visibility="public" complexity="3" crap="3" count="13"/>
            <line num="47" type="stmt" count="13"/>
            <line num="48" type="stmt" count="1"/>
            <line num="49" type="stmt" count="1"/>
            <line num="50" type="stmt" count="1"/>
            <line num="51" type="stmt" count="1"/>
            <line num="55" type="stmt" count="13"/>
            <line num="57" type="stmt" count="13"/>
            <line num="63" type="method" name="getMediaType" visibility="public" complexity="3" crap="3" count="2"/>
            <line num="65" type="stmt" count="2"/>
            <line num="66" type="stmt" count="2"/>
            <line num="67" type="stmt" count="1"/>
            <line num="71" type="stmt" count="1"/>
            <line num="77" type="method" name="isMedia" visibility="public" complexity="1" crap="1" count="2"/>
            <line num="79" type="stmt" count="2"/>
            <metrics loc="82" ncloc="66" classes="1" methods="3" coveredmethods="3" conditionals="0"
                     coveredconditionals="0" statements="12" coveredstatements="12" elements="15" coveredelements="15"/>
        </file>
        <file name="/Users/r2-d2/projects/pet_projects/telegram-bot-core/src/DTO/Message/PhotoSizeDTO.php">
            <class name="Bot\DTO\Message\PhotoSizeDTO" namespace="global">
                <metrics complexity="0" methods="0" coveredmethods="0" conditionals="0" coveredconditionals="0"
                         statements="0" coveredstatements="0" elements="0" coveredelements="0"/>
            </class>
            <metrics loc="27" ncloc="24" classes="0" methods="0" coveredmethods="0" conditionals="0"
                     coveredconditionals="0" statements="0" coveredstatements="0" elements="0" coveredelements="0"/>
        </file>
        <file name="/Users/r2-d2/projects/pet_projects/telegram-bot-core/src/DTO/Message/UserDTO.php">
            <class name="Bot\DTO\Message\UserDTO" namespace="global">
                <metrics complexity="0" methods="0" coveredmethods="0" conditionals="0" coveredconditionals="0"
                         statements="0" coveredstatements="0" elements="0" coveredelements="0"/>
            </class>
            <metrics loc="27" ncloc="24" classes="0" methods="0" coveredmethods="0" conditionals="0"
                     coveredconditionals="0" statements="0" coveredstatements="0" elements="0" coveredelements="0"/>
        </file>
        <file name="/Users/r2-d2/projects/pet_projects/telegram-bot-core/src/DTO/Message/VideoDTO.php">
            <class name="Bot\DTO\Message\VideoDTO" namespace="global">
                <metrics complexity="0" methods="0" coveredmethods="0" conditionals="0" coveredconditionals="0"
                         statements="0" coveredstatements="0" elements="0" coveredelements="0"/>
            </class>
            <metrics loc="33" ncloc="30" classes="0" methods="0" coveredmethods="0" conditionals="0"
                     coveredconditionals="0" statements="0" coveredstatements="0" elements="0" coveredelements="0"/>
        </file>
        <file name="/Users/r2-d2/projects/pet_projects/telegram-bot-core/src/DTO/Message/VideoNoteDTO.php">
            <class name="Bot\DTO\Message\VideoNoteDTO" namespace="global">
                <metrics complexity="0" methods="0" coveredmethods="0" conditionals="0" coveredconditionals="0"
                         statements="0" coveredstatements="0" elements="0" coveredelements="0"/>
            </class>
            <metrics loc="30" ncloc="27" classes="0" methods="0" coveredmethods="0" conditionals="0"
                     coveredconditionals="0" statements="0" coveredstatements="0" elements="0" coveredelements="0"/>
        </file>
        <file name="/Users/r2-d2/projects/pet_projects/telegram-bot-core/src/DTO/Message/VoiceDTO.php">
            <class name="Bot\DTO\Message\VoiceDTO" namespace="global">
                <metrics complexity="0" methods="0" coveredmethods="0" conditionals="0" coveredconditionals="0"
                         statements="0" coveredstatements="0" elements="0" coveredelements="0"/>
            </class>
            <metrics loc="26" ncloc="23" classes="0" methods="0" coveredmethods="0" conditionals="0"
                     coveredconditionals="0" statements="0" coveredstatements="0" elements="0" coveredelements="0"/>
        </file>
        <file name="/Users/r2-d2/projects/pet_projects/telegram-bot-core/src/DTO/Update/CallbackQueryUpdateDTO.php">
            <class name="Bot\DTO\Update\CallbackQueryUpdateDTO" namespace="global">
                <metrics complexity="2" methods="2" coveredmethods="2" conditionals="0" coveredconditionals="0"
                         statements="2" coveredstatements="2" elements="4" coveredelements="4"/>
            </class>
            <line num="23" type="method" name="getChatId" visibility="public" complexity="1" crap="1" count="1"/>
            <line num="25" type="stmt" count="1"/>
            <line num="31" type="method" name="getUserId" visibility="public" complexity="1" crap="1" count="1"/>
            <line num="33" type="stmt" count="1"/>
            <metrics loc="36" ncloc="27" classes="1" methods="2" coveredmethods="2" conditionals="0"
                     coveredconditionals="0" statements="2" coveredstatements="2" elements="4" coveredelements="4"/>
        </file>
        <file name="/Users/r2-d2/projects/pet_projects/telegram-bot-core/src/DTO/Update/MessageUpdateDTO.php">
            <class name="Bot\DTO\Update\MessageUpdateDTO" namespace="global">
                <metrics complexity="5" methods="4" coveredmethods="4" conditionals="0" coveredconditionals="0"
                         statements="8" coveredstatements="8" elements="12" coveredelements="12"/>
            </class>
            <line num="23" type="method" name="fromArray" visibility="public" complexity="2" crap="2" count="10"/>
            <line num="25" type="stmt" count="10"/>
            <line num="27" type="stmt" count="10"/>
            <line num="28" type="stmt" count="10"/>
            <line num="32" type="stmt" count="10"/>
            <line num="34" type="stmt" count="10"/>
            <line num="40" type="method" name="getChatId" visibility="public" complexity="1" crap="1" count="4"/>
            <line num="42" type="stmt" count="4"/>
            <line num="48" type="method" name="getUserId" visibility="public" complexity="1" crap="1" count="2"/>
            <line num="50" type="stmt" count="2"/>
            <line num="56" type="method" name="isEdit" visibility="public" complexity="1" crap="1" count="2"/>
            <line num="58" type="stmt" count="2"/>
            <metrics loc="61" ncloc="45" classes="1" methods="4" coveredmethods="4" conditionals="0"
                     coveredconditionals="0" statements="8" coveredstatements="8" elements="12" coveredelements="12"/>
        </file>
        <file name="/Users/r2-d2/projects/pet_projects/telegram-bot-core/src/DTO/Update/UpdateDTO.php">
            <class name="Bot\DTO\Update\UpdateDTO" namespace="global">
                <metrics complexity="1" methods="1" coveredmethods="1" conditionals="0" coveredconditionals="0"
                         statements="1" coveredstatements="1" elements="2" coveredelements="2"/>
            </class>
            <line num="27" type="method" name="getUserId" visibility="public" complexity="1" crap="1" count="1"/>
            <line num="29" type="stmt" count="1"/>
            <metrics loc="32" ncloc="25" classes="1" methods="1" coveredmethods="1" conditionals="0"
                     coveredconditionals="0" statements="1" coveredstatements="1" elements="2" coveredelements="2"/>
        </file>
        <file name="/Users/r2-d2/projects/pet_projects/telegram-bot-core/src/Enum/ForwardOriginType.php">
            <metrics loc="12" ncloc="12" classes="0" methods="0" coveredmethods="0" conditionals="0"
                     coveredconditionals="0" statements="0" coveredstatements="0" elements="0" coveredelements="0"/>
        </file>
        <file name="/Users/r2-d2/projects/pet_projects/telegram-bot-core/src/Enum/MessageMediaType.php">
            <metrics loc="15" ncloc="15" classes="0" methods="0" coveredmethods="0" conditionals="0"
                     coveredconditionals="0" statements="0" coveredstatements="0" elements="0" coveredelements="0"/>
        </file>
        <file name="/Users/r2-d2/projects/pet_projects/telegram-bot-core/src/Enum/UpdateType.php">
            <metrics loc="22" ncloc="22" classes="0" methods="0" coveredmethods="0" conditionals="0"
                     coveredconditionals="0" statements="0" coveredstatements="0" elements="0" coveredelements="0"/>
        </file>
        <file name="/Users/r2-d2/projects/pet_projects/telegram-bot-core/src/Event/EventInterface.php">
            <metrics loc="10" ncloc="10" classes="0" methods="0" coveredmethods="0" conditionals="0"
                     coveredconditionals="0" statements="0" coveredstatements="0" elements="0" coveredelements="0"/>
        </file>
        <file name="/Users/r2-d2/projects/pet_projects/telegram-bot-core/src/Event/EventManager.php">
            <class name="Bot\Event\EventManager" namespace="global">
                <metrics complexity="10" methods="4" coveredmethods="4" conditionals="0" coveredconditionals="0"
                         statements="15" coveredstatements="15" elements="19" coveredelements="19"/>
            </class>
            <line num="20" type="method" name="__construct" visibility="public" complexity="1" crap="1" count="5"/>
            <line num="22" type="stmt" count="5"/>
            <line num="29" type="method" name="emit" visibility="public" complexity="2" crap="2" count="2"/>
            <line num="31" type="stmt" count="2"/>
            <line num="33" type="stmt" count="2"/>
            <line num="34" type="stmt" count="2"/>
            <line num="43" type="method" name="registerListener" visibility="public" complexity="3" crap="3" count="3"/>
            <line num="45" type="stmt" count="3"/>
            <line num="47" type="stmt" count="3"/>
            <line num="48" type="stmt" count="3"/>
            <line num="50" type="stmt" count="3"/>
            <line num="52" type="stmt" count="3"/>
            <line num="54" type="stmt" count="3"/>
            <line num="58" type="stmt" count="3"/>
            <line num="67" type="method" name="listen" visibility="protected" complexity="4" crap="4" count="3"/>
            <line num="69" type="stmt" count="3"/>
            <line num="70" type="stmt" count="1"/>
            <line num="71" type="stmt" count="1"/>
            <line num="74" type="stmt" count="3"/>
            <metrics loc="77" ncloc="54" classes="1" methods="4" coveredmethods="4" conditionals="0"
                     coveredconditionals="0" statements="15" coveredstatements="15" elements="19" coveredelements="19"/>
        </file>
        <file name="/Users/r2-d2/projects/pet_projects/telegram-bot-core/src/Event/EventManagerInterface.php">
            <metrics loc="21" ncloc="13" classes="0" methods="0" coveredmethods="0" conditionals="0"
                     coveredconditionals="0" statements="0" coveredstatements="0" elements="0" coveredelements="0"/>
        </file>
        <file name="/Users/r2-d2/projects/pet_projects/telegram-bot-core/src/Event/Events/ActionHandledEvent.php">
            <class name="Bot\Event\Events\ActionHandledEvent" namespace="global">
                <metrics complexity="3" methods="3" coveredmethods="3" conditionals="0" coveredconditionals="0"
                         statements="3" coveredstatements="3" elements="6" coveredelements="6"/>
            </class>
            <line num="17" type="method" name="__construct" visibility="public" complexity="1" crap="1" count="2"/>
            <line num="19" type="stmt" count="2"/>
            <line num="24" type="method" name="getAction" visibility="public" complexity="1" crap="1" count="1"/>
            <line num="26" type="stmt" count="1"/>
            <line num="32" type="method" name="getUpdate" visibility="public" complexity="1" crap="1" count="1"/>
            <line num="34" type="stmt" count="1"/>
            <metrics loc="37" ncloc="27" classes="1" methods="3" coveredmethods="3" conditionals="0"
                     coveredconditionals="0" statements="3" coveredstatements="3" elements="6" coveredelements="6"/>
        </file>
        <file name="/Users/r2-d2/projects/pet_projects/telegram-bot-core/src/Event/Events/CommandHandledEvent.php">
            <class name="Bot\Event\Events\CommandHandledEvent" namespace="global">
                <metrics complexity="3" methods="3" coveredmethods="3" conditionals="0" coveredconditionals="0"
                         statements="3" coveredstatements="3" elements="6" coveredelements="6"/>
            </class>
            <line num="17" type="method" name="__construct" visibility="public" complexity="1" crap="1" count="2"/>
            <line num="19" type="stmt" count="2"/>
            <line num="24" type="method" name="getCommand" visibility="public" complexity="1" crap="1" count="1"/>
            <line num="26" type="stmt" count="1"/>
            <line num="32" type="method" name="getUpdate" visibility="public" complexity="1" crap="1" count="1"/>
            <line num="34" type="stmt" count="1"/>
            <metrics loc="37" ncloc="27" classes="1" methods="3" coveredmethods="3" conditionals="0"
                     coveredconditionals="0" statements="3" coveredstatements="3" elements="6" coveredelements="6"/>
        </file>
        <file name="/Users/r2-d2/projects/pet_projects/telegram-bot-core/src/Event/Events/ReceivedEvent.php">
            <class name="Bot\Event\Events\ReceivedEvent" namespace="global">
                <metrics complexity="2" methods="2" coveredmethods="2" conditionals="0" coveredconditionals="0"
                         statements="2" coveredstatements="2" elements="4" coveredelements="4"/>
            </class>
            <line num="15" type="method" name="__construct" visibility="public" complexity="1" crap="1" count="2"/>
            <line num="17" type="stmt" count="2"/>
            <line num="22" type="method" name="getUpdate" visibility="public" complexity="1" crap="1" count="1"/>
            <line num="24" type="stmt" count="1"/>
            <metrics loc="27" ncloc="21" classes="1" methods="2" coveredmethods="2" conditionals="0"
                     coveredconditionals="0" statements="2" coveredstatements="2" elements="4" coveredelements="4"/>
        </file>
        <file name="/Users/r2-d2/projects/pet_projects/telegram-bot-core/src/Event/Events/UnhandledEvent.php">
            <class name="Bot\Event\Events\UnhandledEvent" namespace="global">
                <metrics complexity="2" methods="2" coveredmethods="2" conditionals="0" coveredconditionals="0"
                         statements="2" coveredstatements="2" elements="4" coveredelements="4"/>
            </class>
            <line num="15" type="method" name="__construct" visibility="public" complexity="1" crap="1" count="5"/>
            <line num="17" type="stmt" count="5"/>
            <line num="22" type="method" name="getUpdate" visibility="public" complexity="1" crap="1" count="3"/>
            <line num="24" type="stmt" count="3"/>
            <metrics loc="27" ncloc="21" classes="1" methods="2" coveredmethods="2" conditionals="0"
                     coveredconditionals="0" statements="2" coveredstatements="2" elements="4" coveredelements="4"/>
        </file>
        <file name="/Users/r2-d2/projects/pet_projects/telegram-bot-core/src/Http/Client.php">
            <class name="Bot\Http\Client" namespace="global">
                <metrics complexity="6" methods="4" coveredmethods="4" conditionals="0" coveredconditionals="0"
                         statements="16" coveredstatements="16" elements="20" coveredelements="20"/>
            </class>
            <line num="20" type="method" name="__construct" visibility="public" complexity="2" crap="2" count="6"/>
            <line num="22" type="stmt" count="6"/>
            <line num="23" type="stmt" count="5"/>
            <line num="25" type="stmt" count="5"/>
            <line num="28" type="stmt" count="1"/>
            <line num="29" type="stmt" count="1"/>
            <line num="31" type="stmt" count="1"/>
            <line num="40" type="method" name="request" visibility="public" complexity="2" crap="2" count="5"/>
            <line num="43" type="stmt" count="5"/>
            <line num="44" type="stmt" count="5"/>
            <line num="45" type="stmt" count="5"/>
            <line num="47" type="stmt" count="4"/>
            <line num="48" type="stmt" count="2"/>
            <line num="49" type="stmt" count="2"/>
            <line num="58" type="method" name="sendMessage" visibility="public" complexity="1" crap="1" count="1"/>
            <line num="60" type="stmt" count="1"/>
            <line num="68" type="method" name="setWebhook" visibility="public" complexity="1" crap="1" count="1"/>
            <line num="70" type="stmt" count="1"/>
            <line num="71" type="stmt" count="1"/>
            <line num="72" type="stmt" count="1"/>
            <metrics loc="75" ncloc="54" classes="1" methods="4" coveredmethods="4" conditionals="0"
                     coveredconditionals="0" statements="16" coveredstatements="16" elements="20" coveredelements="20"/>
        </file>
        <file name="/Users/r2-d2/projects/pet_projects/telegram-bot-core/src/Http/ClientInterface.php">
            <metrics loc="30" ncloc="17" classes="0" methods="0" coveredmethods="0" conditionals="0"
                     coveredconditionals="0" statements="0" coveredstatements="0" elements="0" coveredelements="0"/>
        </file>
        <file name="/Users/r2-d2/projects/pet_projects/telegram-bot-core/src/Http/Exception/TelegramException.php">
            <class name="Bot\Http\Exception\TelegramException" namespace="global">
                <metrics complexity="0" methods="0" coveredmethods="0" conditionals="0" coveredconditionals="0"
                         statements="0" coveredstatements="0" elements="0" coveredelements="0"/>
            </class>
            <metrics loc="12" ncloc="12" classes="0" methods="0" coveredmethods="0" conditionals="0"
                     coveredconditionals="0" statements="0" coveredstatements="0" elements="0" coveredelements="0"/>
        </file>
        <file name="/Users/r2-d2/projects/pet_projects/telegram-bot-core/src/Http/Message/MessageFactory.php">
            <class name="Bot\Http\Message\MessageFactory" namespace="global">
                <metrics complexity="1" methods="1" coveredmethods="1" conditionals="0" coveredconditionals="0"
                         statements="1" coveredstatements="1" elements="2" coveredelements="2"/>
            </class>
            <line num="12" type="method" name="create" visibility="public" complexity="1" crap="1" count="3"/>
            <line num="14" type="stmt" count="3"/>
            <metrics loc="17" ncloc="14" classes="1" methods="1" coveredmethods="1" conditionals="0"
                     coveredconditionals="0" statements="1" coveredstatements="1" elements="2" coveredelements="2"/>
        </file>
        <file name="/Users/r2-d2/projects/pet_projects/telegram-bot-core/src/Http/Message/MessageFactoryInterface.php">
            <metrics loc="14" ncloc="11" classes="0" methods="0" coveredmethods="0" conditionals="0"
                     coveredconditionals="0" statements="0" coveredstatements="0" elements="0" coveredelements="0"/>
        </file>
        <file name="/Users/r2-d2/projects/pet_projects/telegram-bot-core/src/Http/Message/SendMessage.php">
            <class name="Bot\Http\Message\SendMessage" namespace="global">
                <metrics complexity="14" methods="8" coveredmethods="7" conditionals="0" coveredconditionals="0"
                         statements="28" coveredstatements="27" elements="36" coveredelements="34"/>
            </class>
            <line num="19" type="method" name="create" visibility="public" complexity="1" crap="1" count="8"/>
            <line num="21" type="stmt" count="8"/>
            <line num="28" type="method" name="setChatId" visibility="public" complexity="1" crap="1" count="6"/>
            <line num="30" type="stmt" count="6"/>
            <line num="32" type="stmt" count="6"/>
            <line num="39" type="method" name="setText" visibility="public" complexity="1" crap="1" count="6"/>
            <line num="41" type="stmt" count="6"/>
            <line num="43" type="stmt" count="6"/>
            <line num="50" type="method" name="setKeyboard" visibility="public" complexity="1" crap="1" count="3"/>
            <line num="52" type="stmt" count="3"/>
            <line num="54" type="stmt" count="3"/>
            <line num="61" type="method" name="setOptions" visibility="public" complexity="1" crap="1" count="2"/>
            <line num="63" type="stmt" count="2"/>
            <line num="65" type="stmt" count="2"/>
            <line num="73" type="method" name="setOption" visibility="public" complexity="1" crap="1" count="1"/>
            <line num="75" type="stmt" count="1"/>
            <line num="77" type="stmt" count="1"/>
            <line num="83" type="method" name="jsonSerialize" visibility="public" complexity="3" crap="3" count="3"/>
            <line num="85" type="stmt" count="3"/>
            <line num="86" type="stmt" count="2"/>
            <line num="89" type="stmt" count="3"/>
            <line num="90" type="stmt" count="3"/>
            <line num="91" type="stmt" count="3"/>
            <line num="92" type="stmt" count="3"/>
            <line num="93" type="stmt" count="3"/>
            <line num="95" type="stmt" count="3"/>
            <line num="96" type="stmt" count="1"/>
            <line num="97" type="stmt" count="1"/>
            <line num="100" type="stmt" count="3"/>
            <line num="107" type="method" name="validate" visibility="public" complexity="5" crap="5.12" count="4"/>
            <line num="109" type="stmt" count="4"/>
            <line num="110" type="stmt" count="1"/>
            <line num="112" type="stmt" count="3"/>
            <line num="113" type="stmt" count="1"/>
            <line num="115" type="stmt" count="2"/>
            <line num="116" type="stmt" count="0"/>
            <metrics loc="120" ncloc="89" classes="1" methods="8" coveredmethods="7" conditionals="0"
                     coveredconditionals="0" statements="28" coveredstatements="27" elements="36" coveredelements="34"/>
        </file>
        <file name="/Users/r2-d2/projects/pet_projects/telegram-bot-core/src/Http/Message/SendMessageInterface.php">
            <metrics loc="35" ncloc="19" classes="0" methods="0" coveredmethods="0" conditionals="0"
                     coveredconditionals="0" statements="0" coveredstatements="0" elements="0" coveredelements="0"/>
        </file>
        <file name="/Users/r2-d2/projects/pet_projects/telegram-bot-core/src/Keyboard/Buttons/Button.php">
            <class name="Bot\Keyboard\Buttons\Button" namespace="global">
                <metrics complexity="6" methods="4" coveredmethods="4" conditionals="0" coveredconditionals="0"
                         statements="8" coveredstatements="8" elements="12" coveredelements="12"/>
            </class>
            <line num="18" type="method" name="create" visibility="public" complexity="1" crap="1" count="7"/>
            <line num="20" type="stmt" count="7"/>
            <line num="28" type="method" name="setText" visibility="public" complexity="1" crap="1" count="7"/>
            <line num="30" type="stmt" count="7"/>
            <line num="32" type="stmt" count="7"/>
            <line num="38" type="method" name="isValid" visibility="public" complexity="3" crap="3" count="6"/>
            <line num="40" type="stmt" count="6"/>
            <line num="41" type="stmt" count="6"/>
            <line num="42" type="stmt" count="2"/>
            <line num="46" type="stmt" count="6"/>
            <line num="52" type="method" name="getRequiredFields" visibility="protected" complexity="1" crap="1"
                  count="6"/>
            <line num="54" type="stmt" count="6"/>
            <metrics loc="57" ncloc="39" classes="1" methods="4" coveredmethods="4" conditionals="0"
                     coveredconditionals="0" statements="8" coveredstatements="8" elements="12" coveredelements="12"/>
        </file>
        <file name="/Users/r2-d2/projects/pet_projects/telegram-bot-core/src/Keyboard/Buttons/ButtonInterface.php">
            <metrics loc="14" ncloc="11" classes="0" methods="0" coveredmethods="0" conditionals="0"
                     coveredconditionals="0" statements="0" coveredstatements="0" elements="0" coveredelements="0"/>
        </file>
        <file name="/Users/r2-d2/projects/pet_projects/telegram-bot-core/src/Keyboard/Buttons/InlineButton.php">
            <class name="Bot\Keyboard\Buttons\InlineButton" namespace="global">
                <metrics complexity="3" methods="3" coveredmethods="3" conditionals="0" coveredconditionals="0"
                         statements="7" coveredstatements="7" elements="10" coveredelements="10"/>
            </class>
            <line num="18" type="method" name="setCallbackData" visibility="public" complexity="1" crap="1" count="5"/>
            <line num="20" type="stmt" count="5"/>
            <line num="22" type="stmt" count="5"/>
            <line num="28" type="method" name="jsonSerialize" visibility="public" complexity="1" crap="1" count="4"/>
            <line num="30" type="stmt" count="4"/>
            <line num="31" type="stmt" count="4"/>
            <line num="32" type="stmt" count="4"/>
            <line num="33" type="stmt" count="4"/>
            <line num="39" type="method" name="getRequiredFields" visibility="protected" complexity="1" crap="1"
                  count="5"/>
            <line num="41" type="stmt" count="5"/>
            <metrics loc="44" ncloc="31" classes="1" methods="3" coveredmethods="3" conditionals="0"
                     coveredconditionals="0" statements="7" coveredstatements="7" elements="10" coveredelements="10"/>
        </file>
        <file name="/Users/r2-d2/projects/pet_projects/telegram-bot-core/src/Keyboard/Buttons/ReplyButton.php">
            <class name="Bot\Keyboard\Buttons\ReplyButton" namespace="global">
                <metrics complexity="5" methods="3" coveredmethods="3" conditionals="0" coveredconditionals="0"
                         statements="10" coveredstatements="10" elements="13" coveredelements="13"/>
            </class>
            <line num="19" type="method" name="setRequestContact" visibility="public" complexity="1" crap="1"
                  count="1"/>
            <line num="21" type="stmt" count="1"/>
            <line num="23" type="stmt" count="1"/>
            <line num="30" type="method" name="setRequestLocation" visibility="public" complexity="1" crap="1"
                  count="1"/>
            <line num="32" type="stmt" count="1"/>
            <line num="34" type="stmt" count="1"/>
            <line num="40" type="method" name="jsonSerialize" visibility="public" complexity="3" crap="3" count="2"/>
            <line num="42" type="stmt" count="2"/>
            <line num="44" type="stmt" count="2"/>
            <line num="45" type="stmt" count="1"/>
            <line num="47" type="stmt" count="2"/>
            <line num="48" type="stmt" count="1"/>
            <line num="51" type="stmt" count="2"/>
            <metrics loc="54" ncloc="40" classes="1" methods="3" coveredmethods="3" conditionals="0"
                     coveredconditionals="0" statements="10" coveredstatements="10" elements="13" coveredelements="13"/>
        </file>
        <file name="/Users/r2-d2/projects/pet_projects/telegram-bot-core/src/Keyboard/Buttons/UrlButton.php">
            <class name="Bot\Keyboard\Buttons\UrlButton" namespace="global">
                <metrics complexity="3" methods="3" coveredmethods="3" conditionals="0" coveredconditionals="0"
                         statements="7" coveredstatements="7" elements="10" coveredelements="10"/>
            </class>
            <line num="18" type="method" name="setUrl" visibility="public" complexity="1" crap="1" count="1"/>
            <line num="20" type="stmt" count="1"/>
            <line num="22" type="stmt" count="1"/>
            <line num="28" type="method" name="jsonSerialize" visibility="public" complexity="1" crap="1" count="1"/>
            <line num="30" type="stmt" count="1"/>
            <line num="31" type="stmt" count="1"/>
            <line num="32" type="stmt" count="1"/>
            <line num="33" type="stmt" count="1"/>
            <line num="39" type="method" name="getRequiredFields" visibility="protected" complexity="1" crap="1"
                  count="1"/>
            <line num="41" type="stmt" count="1"/>
            <metrics loc="44" ncloc="31" classes="1" methods="3" coveredmethods="3" conditionals="0"
                     coveredconditionals="0" statements="7" coveredstatements="7" elements="10" coveredelements="10"/>
        </file>
        <file name="/Users/r2-d2/projects/pet_projects/telegram-bot-core/src/Keyboard/InlineKeyboard.php">
            <class name="Bot\Keyboard\InlineKeyboard" namespace="global">
                <metrics complexity="1" methods="1" coveredmethods="1" conditionals="0" coveredconditionals="0"
                         statements="3" coveredstatements="3" elements="4" coveredelements="4"/>
            </class>
            <line num="15" type="method" name="jsonSerialize" visibility="public" complexity="1" crap="1" count="3"/>
            <line num="17" type="stmt" count="3"/>
            <line num="18" type="stmt" count="3"/>
            <line num="19" type="stmt" count="3"/>
            <metrics loc="22" ncloc="16" classes="1" methods="1" coveredmethods="1" conditionals="0"
                     coveredconditionals="0" statements="3" coveredstatements="3" elements="4" coveredelements="4"/>
        </file>
        <file name="/Users/r2-d2/projects/pet_projects/telegram-bot-core/src/Keyboard/Keyboard.php">
            <class name="Bot\Keyboard\Keyboard" namespace="global">
                <metrics complexity="10" methods="5" coveredmethods="3" conditionals="0" coveredconditionals="0"
                         statements="18" coveredstatements="16" elements="23" coveredelements="19"/>
            </class>
            <line num="21" type="method" name="create" visibility="public" complexity="1" crap="1" count="8"/>
            <line num="23" type="stmt" count="8"/>
            <line num="32" type="method" name="addButton" visibility="public" complexity="3" crap="3.02" count="4"/>
            <line num="34" type="stmt" count="4"/>
            <line num="35" type="stmt" count="0"/>
            <line num="37" type="stmt" count="4"/>
            <line num="38" type="stmt" count="4"/>
            <line num="40" type="stmt" count="4"/>
            <line num="41" type="stmt" count="4"/>
            <line num="44" type="stmt" count="4"/>
            <line num="46" type="stmt" count="4"/>
            <line num="55" type="method" name="addButtons" visibility="public" complexity="3" crap="3.07" count="1"/>
            <line num="57" type="stmt" count="1"/>
            <line num="58" type="stmt" count="1"/>
            <line num="59" type="stmt" count="0"/>
            <line num="61" type="stmt" count="1"/>
            <line num="64" type="stmt" count="1"/>
            <line num="70" type="method" name="jsonSerialize" visibility="public" complexity="1" crap="1" count="6"/>
            <line num="72" type="stmt" count="6"/>
            <line num="73" type="stmt" count="3"/>
            <line num="74" type="stmt" count="6"/>
            <line num="80" type="method" name="isValid" visibility="public" complexity="2" crap="2" count="2"/>
            <line num="82" type="stmt" count="2"/>
            <metrics loc="85" ncloc="59" classes="1" methods="5" coveredmethods="3" conditionals="0"
                     coveredconditionals="0" statements="18" coveredstatements="16" elements="23" coveredelements="19"/>
        </file>
        <file name="/Users/r2-d2/projects/pet_projects/telegram-bot-core/src/Keyboard/KeyboardInterface.php">
            <metrics loc="14" ncloc="11" classes="0" methods="0" coveredmethods="0" conditionals="0"
                     coveredconditionals="0" statements="0" coveredstatements="0" elements="0" coveredelements="0"/>
        </file>
        <file name="/Users/r2-d2/projects/pet_projects/telegram-bot-core/src/Keyboard/KeyboardRemove.php">
            <class name="Bot\Keyboard\KeyboardRemove" namespace="global">
                <metrics complexity="5" methods="5" coveredmethods="5" conditionals="0" coveredconditionals="0"
                         statements="10" coveredstatements="10" elements="15" coveredelements="15"/>
            </class>
            <line num="15" type="method" name="create" visibility="public" complexity="1" crap="1" count="1"/>
            <line num="17" type="stmt" count="1"/>
            <line num="24" type="method" name="setRemove" visibility="public" complexity="1" crap="1" count="1"/>
            <line num="26" type="stmt" count="1"/>
            <line num="28" type="stmt" count="1"/>
            <line num="35" type="method" name="setSelective" visibility="public" complexity="1" crap="1" count="1"/>
            <line num="37" type="stmt" count="1"/>
            <line num="39" type="stmt" count="1"/>
            <line num="45" type="method" name="jsonSerialize" visibility="public" complexity="1" crap="1" count="1"/>
            <line num="47" type="stmt" count="1"/>
            <line num="48" type="stmt" count="1"/>
            <line num="49" type="stmt" count="1"/>
            <line num="50" type="stmt" count="1"/>
            <line num="56" type="method" name="isValid" visibility="public" complexity="1" crap="1" count="1"/>
            <line num="58" type="stmt" count="1"/>
            <metrics loc="61" ncloc="44" classes="1" methods="5" coveredmethods="5" conditionals="0"
                     coveredconditionals="0" statements="10" coveredstatements="10" elements="15" coveredelements="15"/>
        </file>
        <file name="/Users/r2-d2/projects/pet_projects/telegram-bot-core/src/Keyboard/ReplyKeyboard.php">
            <class name="Bot\Keyboard\ReplyKeyboard" namespace="global">
                <metrics complexity="3" methods="3" coveredmethods="3" conditionals="0" coveredconditionals="0"
                         statements="9" coveredstatements="9" elements="12" coveredelements="12"/>
            </class>
            <line num="19" type="method" name="setResize" visibility="public" complexity="1" crap="1" count="1"/>
            <line num="21" type="stmt" count="1"/>
            <line num="23" type="stmt" count="1"/>
            <line num="30" type="method" name="setOneTime" visibility="public" complexity="1" crap="1" count="1"/>
            <line num="32" type="stmt" count="1"/>
            <line num="34" type="stmt" count="1"/>
            <line num="40" type="method" name="jsonSerialize" visibility="public" complexity="1" crap="1" count="3"/>
            <line num="42" type="stmt" count="3"/>
            <line num="43" type="stmt" count="3"/>
            <line num="44" type="stmt" count="3"/>
            <line num="45" type="stmt" count="3"/>
            <line num="46" type="stmt" count="3"/>
            <metrics loc="49" ncloc="35" classes="1" methods="3" coveredmethods="3" conditionals="0"
                     coveredconditionals="0" statements="9" coveredstatements="9" elements="12" coveredelements="12"/>
        </file>
        <file name="/Users/r2-d2/projects/pet_projects/telegram-bot-core/src/Listener/ListenerInterface.php">
            <metrics loc="10" ncloc="10" classes="0" methods="0" coveredmethods="0" conditionals="0"
                     coveredconditionals="0" statements="0" coveredstatements="0" elements="0" coveredelements="0"/>
        </file>
        <file name="/Users/r2-d2/projects/pet_projects/telegram-bot-core/src/Listener/MessageListener.php">
            <class name="Bot\Listener\MessageListener" namespace="global">
                <metrics complexity="4" methods="2" coveredmethods="1" conditionals="0" coveredconditionals="0"
                         statements="7" coveredstatements="4" elements="9" coveredelements="5"/>
            </class>
            <line num="16" type="method" name="__construct" visibility="public" complexity="1" crap="1" count="1"/>
            <line num="18" type="stmt" count="1"/>
            <line num="23" type="method" name="onUnhandledEvent" visibility="public" complexity="3" crap="4.12"
                  count="1"/>
            <line num="26" type="stmt" count="1"/>
            <line num="27" type="stmt" count="1"/>
            <line num="29" type="stmt" count="1"/>
            <line num="31" type="stmt" count="0"/>
            <line num="32" type="stmt" count="0"/>
            <line num="33" type="stmt" count="0"/>
            <metrics loc="38" ncloc="32" classes="1" methods="2" coveredmethods="1" conditionals="0"
                     coveredconditionals="0" statements="7" coveredstatements="4" elements="9" coveredelements="5"/>
        </file>
        <file name="/Users/r2-d2/projects/pet_projects/telegram-bot-core/src/Middleware/MiddlewareInterface.php">
            <metrics loc="16" ncloc="11" classes="0" methods="0" coveredmethods="0" conditionals="0"
                     coveredconditionals="0" statements="0" coveredstatements="0" elements="0" coveredelements="0"/>
        </file>
        <file name="/Users/r2-d2/projects/pet_projects/telegram-bot-core/src/Middleware/MiddlewareManager.php">
            <class name="Bot\Middleware\MiddlewareManager" namespace="global">
                <metrics complexity="3" methods="3" coveredmethods="3" conditionals="0" coveredconditionals="0"
                         statements="15" coveredstatements="15" elements="18" coveredelements="18"/>
            </class>
            <line num="20" type="method" name="__construct" visibility="public" complexity="1" crap="1" count="5"/>
            <line num="22" type="stmt" count="5"/>
            <line num="28" type="method" name="register" visibility="public" complexity="1" crap="1" count="2"/>
            <line num="30" type="stmt" count="2"/>
            <line num="32" type="stmt" count="2"/>
            <line num="40" type="method" name="process" visibility="public" complexity="1" crap="1" count="2"/>
            <line num="42" type="stmt" count="2"/>
            <line num="43" type="stmt" count="2"/>
            <line num="44" type="stmt" count="2"/>
            <line num="45" type="stmt" count="2"/>
            <line num="46" type="stmt" count="1"/>
            <line num="48" type="stmt" count="1"/>
            <line num="49" type="stmt" count="1"/>
            <line num="50" type="stmt" count="1"/>
            <line num="51" type="stmt" count="2"/>
            <line num="52" type="stmt" count="2"/>
            <line num="53" type="stmt" count="2"/>
            <line num="55" type="stmt" count="2"/>
            <metrics loc="58" ncloc="42" classes="1" methods="3" coveredmethods="3" conditionals="0"
                     coveredconditionals="0" statements="15" coveredstatements="15" elements="18" coveredelements="18"/>
        </file>
        <file name="/Users/r2-d2/projects/pet_projects/telegram-bot-core/src/Middleware/MiddlewareManagerInterface.php">
            <metrics loc="24" ncloc="15" classes="0" methods="0" coveredmethods="0" conditionals="0"
                     coveredconditionals="0" statements="0" coveredstatements="0" elements="0" coveredelements="0"/>
        </file>
        <file name="/Users/r2-d2/projects/pet_projects/telegram-bot-core/src/Middleware/Middlewares/MaintenanceMiddleware.php">
            <class name="Bot\Middleware\Middlewares\MaintenanceMiddleware" namespace="global">
                <metrics complexity="5" methods="2" coveredmethods="2" conditionals="0" coveredconditionals="0"
                         statements="7" coveredstatements="7" elements="9" coveredelements="9"/>
            </class>
            <line num="18" type="method" name="__construct" visibility="public" complexity="1" crap="1" count="4"/>
            <line num="22" type="stmt" count="4"/>
            <line num="28" type="method" name="process" visibility="public" complexity="4" crap="4" count="4"/>
            <line num="30" type="stmt" count="4"/>
            <line num="32" type="stmt" count="2"/>
            <line num="33" type="stmt" count="1"/>
            <line num="34" type="stmt" count="1"/>
            <line num="37" type="stmt" count="2"/>
            <line num="40" type="stmt" count="2"/>
            <metrics loc="43" ncloc="35" classes="1" methods="2" coveredmethods="2" conditionals="0"
                     coveredconditionals="0" statements="7" coveredstatements="7" elements="9" coveredelements="9"/>
        </file>
        <file name="/Users/r2-d2/projects/pet_projects/telegram-bot-core/src/Provider/CoreServiceProvider.php">
            <class name="Bot\Provider\CoreServiceProvider" namespace="global">
                <metrics complexity="2" methods="2" coveredmethods="2" conditionals="0" coveredconditionals="0"
                         statements="20" coveredstatements="20" elements="22" coveredelements="22"/>
            </class>
            <line num="37" type="method" name="__construct" visibility="public" complexity="1" crap="1" count="6"/>
            <line num="39" type="stmt" count="6"/>
            <line num="45" type="method" name="register" visibility="public" complexity="1" crap="1" count="6"/>
            <line num="47" type="stmt" count="6"/>
            <line num="48" type="stmt" count="6"/>
            <line num="49" type="stmt" count="6"/>
            <line num="50" type="stmt" count="6"/>
            <line num="51" type="stmt" count="6"/>
            <line num="52" type="stmt" count="6"/>
            <line num="53" type="stmt" count="6"/>
            <line num="54" type="stmt" count="6"/>
            <line num="55" type="stmt" count="6"/>
            <line num="56" type="stmt" count="6"/>
            <line num="57" type="stmt" count="6"/>
            <line num="59" type="stmt" count="6"/>
            <line num="60" type="stmt" count="6"/>
            <line num="61" type="stmt" count="6"/>
            <line num="62" type="stmt" count="6"/>
            <line num="63" type="stmt" count="6"/>
            <line num="64" type="stmt" count="6"/>
            <line num="65" type="stmt" count="6"/>
            <line num="66" type="stmt" count="6"/>
            <metrics loc="69" ncloc="60" classes="1" methods="2" coveredmethods="2" conditionals="0"
                     coveredconditionals="0" statements="20" coveredstatements="20" elements="22" coveredelements="22"/>
        </file>
        <file name="/Users/r2-d2/projects/pet_projects/telegram-bot-core/src/Provider/ServiceProviderInterface.php">
            <metrics loc="17" ncloc="13" classes="0" methods="0" coveredmethods="0" conditionals="0"
                     coveredconditionals="0" statements="0" coveredstatements="0" elements="0" coveredelements="0"/>
        </file>
        <file name="/Users/r2-d2/projects/pet_projects/telegram-bot-core/src/Routing/Router.php">
            <class name="Bot\Routing\Router" namespace="global">
                <metrics complexity="2" methods="2" coveredmethods="2" conditionals="0" coveredconditionals="0"
                         statements="6" coveredstatements="6" elements="8" coveredelements="8"/>
            </class>
            <line num="24" type="method" name="__construct" visibility="public" complexity="1" crap="1" count="5"/>
            <line num="30" type="stmt" count="5"/>
            <line num="37" type="method" name="route" visibility="public" complexity="1" crap="1" count="3"/>
            <line num="39" type="stmt" count="3"/>
            <line num="40" type="stmt" count="3"/>
            <line num="41" type="stmt" count="3"/>
            <line num="42" type="stmt" count="3"/>
            <line num="43" type="stmt" count="3"/>
            <metrics loc="46" ncloc="35" classes="1" methods="2" coveredmethods="2" conditionals="0"
                     coveredconditionals="0" statements="6" coveredstatements="6" elements="8" coveredelements="8"/>
        </file>
        <file name="/Users/r2-d2/projects/pet_projects/telegram-bot-core/src/Routing/RouterInterface.php">
            <metrics loc="18" ncloc="13" classes="0" methods="0" coveredmethods="0" conditionals="0"
                     coveredconditionals="0" statements="0" coveredstatements="0" elements="0" coveredelements="0"/>
        </file>
        <file name="/Users/r2-d2/projects/pet_projects/telegram-bot-core/src/Trait/OptionsTrait.php">
            <class name="Bot\Trait\OptionsTrait" namespace="global">
                <metrics complexity="6" methods="5" coveredmethods="4" conditionals="0" coveredconditionals="0"
                         statements="10" coveredstatements="9" elements="15" coveredelements="13"/>
            </class>
            <line num="14" type="method" name="getOptions" visibility="public" complexity="1" crap="1" count="4"/>
            <line num="16" type="stmt" count="4"/>
            <line num="24" type="method" name="setOptions" visibility="public" complexity="2" crap="2.06" count="3"/>
            <line num="26" type="stmt" count="3"/>
            <line num="27" type="stmt" count="0"/>
            <line num="29" type="stmt" count="3"/>
            <line num="32" type="stmt" count="3"/>
            <line num="40" type="method" name="getOption" visibility="public" complexity="1" crap="1" count="3"/>
            <line num="42" type="stmt" count="3"/>
            <line num="50" type="method" name="setOption" visibility="public" complexity="1" crap="1" count="7"/>
            <line num="52" type="stmt" count="7"/>
            <line num="54" type="stmt" count="7"/>
            <line num="61" type="method" name="unsetOption" visibility="public" complexity="1" crap="1" count="1"/>
            <line num="63" type="stmt" count="1"/>
            <line num="65" type="stmt" count="1"/>
            <metrics loc="68" ncloc="46" classes="1" methods="5" coveredmethods="4" conditionals="0"
                     coveredconditionals="0" statements="10" coveredstatements="9" elements="15" coveredelements="13"/>
        </file>
        <file name="/Users/r2-d2/projects/pet_projects/telegram-bot-core/src/Trait/ReplyTrait.php">
            <class name="Bot\Trait\ReplyTrait" namespace="global">
                <metrics complexity="4" methods="3" coveredmethods="2" conditionals="0" coveredconditionals="0"
                         statements="14" coveredstatements="13" elements="17" coveredelements="15"/>
            </class>
            <line num="20" type="method" name="setContainer" visibility="public" complexity="1" crap="1" count="3"/>
            <line num="22" type="stmt" count="3"/>
            <line num="24" type="stmt" count="3"/>
            <line num="30" type="method" name="getChatId" visibility="public" complexity="1" crap="1" count="1"/>
            <line num="32" type="stmt" count="1"/>
            <line num="44" type="method" name="reply" visibility="public" complexity="2" crap="2.00" count="2"/>
            <line num="46" type="stmt" count="2"/>
            <line num="47" type="stmt" count="0"/>
            <line num="54" type="stmt" count="2"/>
            <line num="55" type="stmt" count="2"/>
            <line num="57" type="stmt" count="2"/>
            <line num="58" type="stmt" count="2"/>
            <line num="59" type="stmt" count="2"/>
            <line num="60" type="stmt" count="2"/>
            <line num="61" type="stmt" count="2"/>
            <line num="62" type="stmt" count="2"/>
            <line num="63" type="stmt" count="2"/>
            <metrics loc="66" ncloc="46" classes="1" methods="3" coveredmethods="2" conditionals="0"
                     coveredconditionals="0" statements="14" coveredstatements="13" elements="17" coveredelements="15"/>
        </file>
        <file name="/Users/r2-d2/projects/pet_projects/telegram-bot-core/src/Update/UpdateFactory.php">
            <class name="Bot\Update\UpdateFactory" namespace="global">
                <metrics complexity="3" methods="1" coveredmethods="1" conditionals="0" coveredconditionals="0"
                         statements="10" coveredstatements="10" elements="11" coveredelements="11"/>
            </class>
            <line num="19" type="method" name="create" visibility="public" complexity="3" crap="3" count="5"/>
            <line num="21" type="stmt" count="5"/>
            <line num="22" type="stmt" count="5"/>
            <line num="23" type="stmt" count="4"/>
            <line num="24" type="stmt" count="4"/>
            <line num="25" type="stmt" count="4"/>
            <line num="26" type="stmt" count="4"/>
            <line num="27" type="stmt" count="4"/>
            <line num="30" type="stmt" count="4"/>
            <line num="32" type="stmt" count="4"/>
            <line num="36" type="stmt" count="1"/>
            <metrics loc="39" ncloc="33" classes="1" methods="1" coveredmethods="1" conditionals="0"
                     coveredconditionals="0" statements="10" coveredstatements="10" elements="11" coveredelements="11"/>
        </file>
        <file name="/Users/r2-d2/projects/pet_projects/telegram-bot-core/src/Update/UpdateFactoryInterface.php">
            <metrics loc="18" ncloc="13" classes="0" methods="0" coveredmethods="0" conditionals="0"
                     coveredconditionals="0" statements="0" coveredstatements="0" elements="0" coveredelements="0"/>
        </file>
        <file name="/Users/r2-d2/projects/pet_projects/telegram-bot-core/src/Webhook/WebhookHandler.php">
            <class name="Bot\Webhook\WebhookHandler" namespace="global">
                <metrics complexity="6" methods="4" coveredmethods="3" conditionals="0" coveredconditionals="0"
                         statements="10" coveredstatements="9" elements="14" coveredelements="12"/>
            </class>
            <line num="14" type="method" name="__construct" visibility="public" complexity="1" crap="1" count="5"/>
            <line num="16" type="stmt" count="5"/>
            <line num="21" type="method" name="handle" visibility="public" complexity="2" crap="2" count="2"/>
            <line num="23" type="stmt" count="2"/>
            <line num="24" type="stmt" count="2"/>
            <line num="25" type="stmt" count="1"/>
            <line num="28" type="stmt" count="1"/>
            <line num="34" type="method" name="handleRaw" visibility="public" complexity="2" crap="2" count="3"/>
            <line num="37" type="stmt" count="3"/>
            <line num="38" type="stmt" count="1"/>
            <line num="39" type="stmt" count="1"/>
            <line num="41" type="stmt" count="1"/>
            <line num="50" type="method" name="readInput" visibility="protected" complexity="1" crap="2" count="0"/>
            <line num="52" type="stmt" count="0"/>
            <metrics loc="55" ncloc="41" classes="1" methods="4" coveredmethods="3" conditionals="0"
                     coveredconditionals="0" statements="10" coveredstatements="9" elements="14" coveredelements="12"/>
        </file>
        <file name="/Users/r2-d2/projects/pet_projects/telegram-bot-core/src/Webhook/WebhookHandlerInterface.php">
            <metrics loc="14" ncloc="11" classes="0" methods="0" coveredmethods="0" conditionals="0"
                     coveredconditionals="0" statements="0" coveredstatements="0" elements="0" coveredelements="0"/>
        </file>
        <metrics files="73" loc="3107" ncloc="2340" classes="40" methods="132" coveredmethods="117" conditionals="0"
                 coveredconditionals="0" statements="454" coveredstatements="427" elements="586" coveredelements="544"/>
    </project>
</coverage>
